c:\users\thisi\desktop\project_v3\x64\debug\vc143.pdb
c:\users\thisi\desktop\project_v3\x64\debug\vc143.idb
c:\users\thisi\desktop\project_v3\x64\debug\utilityfns.obj
c:\users\thisi\desktop\project_v3\x64\debug\tenantui.obj
c:\users\thisi\desktop\project_v3\x64\debug\quicksort.obj
c:\users\thisi\desktop\project_v3\x64\debug\managerui.obj
c:\users\thisi\desktop\project_v3\x64\debug\main.obj
c:\users\thisi\desktop\project_v3\x64\debug\loginui.obj
c:\users\thisi\desktop\project_v3\x64\debug\loginlogic.obj
c:\users\thisi\desktop\project_v3\x64\debug\hashtable.obj
c:\users\thisi\desktop\project_v3\x64\debug\filehandler.obj
c:\users\thisi\desktop\project_v3\x64\debug\bubblesort.obj
c:\users\thisi\desktop\project_v3\x64\debug\adminui.obj
c:\users\thisi\desktop\project_v3\x64\debug\project_v3.exe
c:\users\thisi\desktop\project_v3\x64\debug\project_v3.tlog\cl.command.1.tlog
c:\users\thisi\desktop\project_v3\x64\debug\project_v3.tlog\cl.read.1.tlog
c:\users\thisi\desktop\project_v3\x64\debug\project_v3.tlog\cl.write.1.tlog
c:\users\thisi\desktop\project_v3\x64\debug\project_v3.tlog\link.command.1.tlog
c:\users\thisi\desktop\project_v3\x64\debug\project_v3.tlog\link.read.1.tlog
c:\users\thisi\desktop\project_v3\x64\debug\project_v3.tlog\link.write.1.tlog
